[nalcomet.com/management-team/index.html]
[backblue.gif]
[fade.gif]
[index.html]
[cdn-cookieyes.com/client_data/f81df42fee0a82d5f8481f18/script.js]
[nalcomet.com/wp-content/cache/wpo-minify/1699402914/assets/wpo-minify-header-wp-block-library.min.css]
[nalcomet.com/wp-content/cache/wpo-minify/1699402914/assets/wpo-minify-header-nalcomet-style1.0.0.min.css]
[use.typekit.net/zbd5doe.css]
[nalcomet.com/wp-content/cache/wpo-minify/1699402914/assets/wpo-minify-header-jquery-core3.7.1.min.js]
[nalcomet.com/wp-content/cache/wpo-minify/1699402914/assets/wpo-minify-header-jquery-migrate3.4.1.min.js]
[nalcomet.com/wp-content/uploads/2022/11/nalcomet_logo@2x-8-150x150.png]
[nalcomet.com/wp-content/uploads/2022/11/nalcomet_logo@2x-8.png]
[nalcomet.com/wp-content/cache/wpo-minify/1699402914/assets/wpo-minify-footer-nalcomet-navigation1.0.0.min.js]
[nalcomet.com/management-team/index.html]
[nalcomet.com/wp-content/cache/wpo-minify/1699402914/assets/wpo-minify-header-wp-block-library.min.css]
[nalcomet.com/wp-content/cache/wpo-minify/1699402914/assets/wpo-minify-header-nalcomet-style1.0.0.min.css]
[use.typekit.net/af/0c0905/00000000000000003b9ae392/27/le196]
[use.typekit.net/af/0c0905/00000000000000003b9ae392/27/de196]
[use.typekit.net/af/0c0905/00000000000000003b9ae392/27/ae196]
[use.typekit.net/af/2dba1c/00000000000000003b9ae393/27/lfdcc]
[use.typekit.net/af/2dba1c/00000000000000003b9ae393/27/dfdcc]
[use.typekit.net/af/2dba1c/00000000000000003b9ae393/27/afdcc]
[use.typekit.net/af/3ccb81/00000000000000003b9ae394/27/le003]
[use.typekit.net/af/3ccb81/00000000000000003b9ae394/27/de003]
[use.typekit.net/af/3ccb81/00000000000000003b9ae394/27/ae003]
[use.typekit.net/af/929345/00000000000000003b9ae395/27/laf99]
[use.typekit.net/af/929345/00000000000000003b9ae395/27/daf99]
[use.typekit.net/af/929345/00000000000000003b9ae395/27/aaf99]
[use.typekit.net/af/ab8655/00000000000000003b9ae398/27/l652f]
[use.typekit.net/af/ab8655/00000000000000003b9ae398/27/d652f]
[use.typekit.net/af/ab8655/00000000000000003b9ae398/27/a652f]
[use.typekit.net/af/b7c13e/00000000000000003b9ae399/27/le265]
[use.typekit.net/af/b7c13e/00000000000000003b9ae399/27/de265]
[use.typekit.net/zbd5doe.css]
[p.typekit.net/pc61e.css]
[use.typekit.net/af/b7c13e/00000000000000003b9ae399/27/ae265]
